{"/home/guilherme/projects/subtitle.js/src/index.ts": {"path":"/home/guilherme/projects/subtitle.js/src/index.ts","statementMap":{"0":{"start":{"line":1,"column":0},"end":{"line":1,"column":22}},"1":{"start":{"line":2,"column":0},"end":{"line":2,"column":27}},"2":{"start":{"line":3,"column":0},"end":{"line":3,"column":27}},"3":{"start":{"line":4,"column":0},"end":{"line":4,"column":23}},"4":{"start":{"line":5,"column":0},"end":{"line":5,"column":27}},"5":{"start":{"line":6,"column":0},"end":{"line":6,"column":30}},"6":{"start":{"line":7,"column":0},"end":{"line":7,"column":24}},"7":{"start":{"line":8,"column":0},"end":{"line":8,"column":33}},"8":{"start":{"line":9,"column":0},"end":{"line":9,"column":23}}},"fnMap":{},"branchMap":{},"s":{"0":0,"1":0,"2":0,"3":0,"4":0,"5":0,"6":0,"7":0,"8":0},"f":{},"b":{}}
,"/home/guilherme/projects/subtitle.js/src/padLeft.ts": {"path":"/home/guilherme/projects/subtitle.js/src/padLeft.ts","statementMap":{"0":{"start":{"line":1,"column":13},"end":{"line":2,"column":null}},"1":{"start":{"line":1,"column":39},"end":{"line":1,"column":null}},"2":{"start":{"line":2,"column":2},"end":{"line":2,"column":null}}},"fnMap":{"0":{"name":"(anonymous_0)","decl":{"start":{"line":1,"column":23},"end":{"line":1,"column":24}},"loc":{"start":{"line":1,"column":49},"end":{"line":2,"column":7}}}},"branchMap":{"0":{"loc":{"start":{"line":1,"column":39},"end":{"line":1,"column":null}},"type":"if","locations":[{"start":{"line":1,"column":39},"end":{"line":1,"column":null}},{"start":{"line":1,"column":39},"end":{"line":1,"column":null}}]}},"s":{"0":4,"1":118202,"2":67544},"f":{"0":67544},"b":{"0":[50658,16886]}}
,"/home/guilherme/projects/subtitle.js/src/parse.ts": {"path":"/home/guilherme/projects/subtitle.js/src/parse.ts","statementMap":{"0":{"start":{"line":1,"column":0},"end":{"line":1,"column":65}},"1":{"start":{"line":10,"column":18},"end":{"line":11,"column":5}},"2":{"start":{"line":11,"column":2},"end":{"line":17,"column":null}},"3":{"start":{"line":19,"column":16},"end":{"line":19,"column":47}},"4":{"start":{"line":19,"column":42},"end":{"line":19,"column":null}},"5":{"start":{"line":20,"column":20},"end":{"line":20,"column":58}},"6":{"start":{"line":20,"column":46},"end":{"line":20,"column":null}},"7":{"start":{"line":23,"column":17},"end":{"line":23,"column":33}},"8":{"start":{"line":24,"column":23},"end":{"line":28,"column":null}},"9":{"start":{"line":30,"column":2},"end":{"line":75,"column":null}},"10":{"start":{"line":31,"column":4},"end":{"line":37,"column":null}},"11":{"start":{"line":32,"column":6},"end":{"line":34,"column":null}},"12":{"start":{"line":33,"column":8},"end":{"line":33,"column":null}},"13":{"start":{"line":35,"column":6},"end":{"line":35,"column":null}},"14":{"start":{"line":36,"column":6},"end":{"line":36,"column":12}},"15":{"start":{"line":39,"column":4},"end":{"line":51,"column":null}},"16":{"start":{"line":40,"column":6},"end":{"line":44,"column":null}},"17":{"start":{"line":41,"column":8},"end":{"line":43,"column":null}},"18":{"start":{"line":45,"column":6},"end":{"line":48,"column":null}},"19":{"start":{"line":49,"column":6},"end":{"line":49,"column":null}},"20":{"start":{"line":50,"column":6},"end":{"line":50,"column":12}},"21":{"start":{"line":53,"column":4},"end":{"line":74,"column":null}},"22":{"start":{"line":54,"column":6},"end":{"line":59,"column":null}},"23":{"start":{"line":55,"column":8},"end":{"line":55,"column":null}},"24":{"start":{"line":56,"column":8},"end":{"line":56,"column":null}},"25":{"start":{"line":57,"column":8},"end":{"line":57,"column":null}},"26":{"start":{"line":58,"column":8},"end":{"line":58,"column":14}},"27":{"start":{"line":61,"column":24},"end":{"line":61,"column":51}},"28":{"start":{"line":63,"column":8},"end":{"line":63,"column":68}},"29":{"start":{"line":65,"column":6},"end":{"line":73,"column":null}},"30":{"start":{"line":66,"column":8},"end":{"line":66,"column":null}},"31":{"start":{"line":67,"column":8},"end":{"line":67,"column":null}},"32":{"start":{"line":68,"column":8},"end":{"line":68,"column":null}},"33":{"start":{"line":70,"column":8},"end":{"line":72,"column":null}},"34":{"start":{"line":77,"column":2},"end":{"line":77,"column":null}},"35":{"start":{"line":22,"column":0},"end":{"line":22,"column":16}}},"fnMap":{"0":{"name":"(anonymous_0)","decl":{"start":{"line":10,"column":18},"end":{"line":10,"column":19}},"loc":{"start":{"line":10,"column":30},"end":{"line":11,"column":5}}},"1":{"name":"(anonymous_1)","decl":{"start":{"line":19,"column":16},"end":{"line":19,"column":17}},"loc":{"start":{"line":19,"column":28},"end":{"line":19,"column":47}}},"2":{"name":"(anonymous_2)","decl":{"start":{"line":20,"column":20},"end":{"line":20,"column":21}},"loc":{"start":{"line":20,"column":32},"end":{"line":20,"column":58}}},"3":{"name":"parse","decl":{"start":{"line":22,"column":16},"end":{"line":22,"column":21}},"loc":{"start":{"line":22,"column":35},"end":{"line":78,"column":1}}},"4":{"name":"(anonymous_4)","decl":{"start":{"line":30,"column":17},"end":{"line":30,"column":18}},"loc":{"start":{"line":30,"column":28},"end":{"line":75,"column":3}}}},"branchMap":{"0":{"loc":{"start":{"line":31,"column":4},"end":{"line":37,"column":null}},"type":"if","locations":[{"start":{"line":31,"column":4},"end":{"line":37,"column":null}},{"start":{"line":31,"column":4},"end":{"line":37,"column":null}}]},"1":{"loc":{"start":{"line":32,"column":6},"end":{"line":34,"column":null}},"type":"if","locations":[{"start":{"line":32,"column":6},"end":{"line":34,"column":null}},{"start":{"line":32,"column":6},"end":{"line":34,"column":null}}]},"2":{"loc":{"start":{"line":39,"column":4},"end":{"line":51,"column":null}},"type":"if","locations":[{"start":{"line":39,"column":4},"end":{"line":51,"column":null}},{"start":{"line":39,"column":4},"end":{"line":51,"column":null}}]},"3":{"loc":{"start":{"line":40,"column":6},"end":{"line":44,"column":null}},"type":"if","locations":[{"start":{"line":40,"column":6},"end":{"line":44,"column":null}},{"start":{"line":40,"column":6},"end":{"line":44,"column":null}}]},"4":{"loc":{"start":{"line":53,"column":4},"end":{"line":74,"column":null}},"type":"if","locations":[{"start":{"line":53,"column":4},"end":{"line":74,"column":null}},{"start":{"line":53,"column":4},"end":{"line":74,"column":null}}]},"5":{"loc":{"start":{"line":54,"column":6},"end":{"line":59,"column":null}},"type":"if","locations":[{"start":{"line":54,"column":6},"end":{"line":59,"column":null}},{"start":{"line":54,"column":6},"end":{"line":59,"column":null}}]},"6":{"loc":{"start":{"line":63,"column":8},"end":{"line":63,"column":34}},"type":"binary-expr","locations":[{"start":{"line":63,"column":8},"end":{"line":63,"column":34}},{"start":{"line":63,"column":38},"end":{"line":63,"column":68}}]},"7":{"loc":{"start":{"line":65,"column":6},"end":{"line":73,"column":null}},"type":"if","locations":[{"start":{"line":65,"column":6},"end":{"line":73,"column":null}},{"start":{"line":65,"column":6},"end":{"line":73,"column":null}}]},"8":{"loc":{"start":{"line":65,"column":10},"end":{"line":65,"column":19}},"type":"binary-expr","locations":[{"start":{"line":65,"column":10},"end":{"line":65,"column":19}},{"start":{"line":65,"column":23},"end":{"line":65,"column":39}}]},"9":{"loc":{"start":{"line":71,"column":12},"end":{"line":71,"column":43}},"type":"cond-expr","locations":[{"start":{"line":71,"column":12},"end":{"line":71,"column":43}},{"start":{"line":72,"column":12},"end":{"line":72,"column":15}}]}},"s":{"0":1,"1":1,"2":12,"3":1,"4":28475,"5":1,"6":36939,"7":12,"8":12,"9":12,"10":36925,"11":8446,"12":0,"13":8446,"14":8446,"15":28479,"16":8448,"17":0,"18":8448,"19":8448,"20":8448,"21":20031,"22":20031,"23":2,"24":2,"25":2,"26":2,"27":20029,"28":20029,"29":20029,"30":8446,"31":8446,"32":8446,"33":11583,"34":12,"35":1},"f":{"0":12,"1":28475,"2":36939,"3":12,"4":36925},"b":{"0":[8446,28479],"1":[0,8446],"2":[8448,20031],"3":[0,8448],"4":[20031,0],"5":[2,20029],"6":[20029,8460],"7":[8446,11583],"8":[20029,20017],"9":[3135,8448]}}
,"/home/guilherme/projects/subtitle.js/src/parseTimestamps.ts": {"path":"/home/guilherme/projects/subtitle.js/src/parseTimestamps.ts","statementMap":{"0":{"start":{"line":1,"column":0},"end":{"line":1,"column":29}},"1":{"start":{"line":4,"column":13},"end":{"line":4,"column":null}},"2":{"start":{"line":7,"column":16},"end":{"line":7,"column":40}},"3":{"start":{"line":9,"column":2},"end":{"line":11,"column":null}},"4":{"start":{"line":10,"column":4},"end":{"line":10,"column":null}},"5":{"start":{"line":13,"column":31},"end":{"line":16,"column":null}},"6":{"start":{"line":18,"column":2},"end":{"line":20,"column":null}},"7":{"start":{"line":19,"column":4},"end":{"line":19,"column":null}},"8":{"start":{"line":22,"column":2},"end":{"line":22,"column":null}},"9":{"start":{"line":6,"column":0},"end":{"line":6,"column":16}}},"fnMap":{"0":{"name":"parseTimestamps","decl":{"start":{"line":6,"column":16},"end":{"line":6,"column":31}},"loc":{"start":{"line":6,"column":45},"end":{"line":23,"column":1}}}},"branchMap":{"0":{"loc":{"start":{"line":9,"column":2},"end":{"line":11,"column":null}},"type":"if","locations":[{"start":{"line":9,"column":2},"end":{"line":11,"column":null}},{"start":{"line":9,"column":2},"end":{"line":11,"column":null}}]},"1":{"loc":{"start":{"line":18,"column":2},"end":{"line":20,"column":null}},"type":"if","locations":[{"start":{"line":18,"column":2},"end":{"line":20,"column":null}},{"start":{"line":18,"column":2},"end":{"line":20,"column":null}}]}},"s":{"0":2,"1":2,"2":8461,"3":8461,"4":0,"5":8461,"6":8461,"7":7,"8":8461,"9":2},"f":{"0":8461},"b":{"0":[0,8461],"1":[7,8454]}}
,"/home/guilherme/projects/subtitle.js/src/resync.ts": {"path":"/home/guilherme/projects/subtitle.js/src/resync.ts","statementMap":{"0":{"start":{"line":4,"column":2},"end":{"line":8,"column":null}},"1":{"start":{"line":4,"column":33},"end":{"line":8,"column":5}},"2":{"start":{"line":3,"column":0},"end":{"line":3,"column":16}}},"fnMap":{"0":{"name":"resync","decl":{"start":{"line":3,"column":16},"end":{"line":3,"column":22}},"loc":{"start":{"line":3,"column":55},"end":{"line":9,"column":1}}},"1":{"name":"(anonymous_1)","decl":{"start":{"line":4,"column":22},"end":{"line":4,"column":29}},"loc":{"start":{"line":4,"column":29},"end":{"line":4,"column":null}}}},"branchMap":{},"s":{"0":3,"1":9,"2":1},"f":{"0":3,"1":9},"b":{}}
,"/home/guilherme/projects/subtitle.js/src/stringify.ts": {"path":"/home/guilherme/projects/subtitle.js/src/stringify.ts","statementMap":{"0":{"start":{"line":1,"column":0},"end":{"line":1,"column":39}},"1":{"start":{"line":5,"column":2},"end":{"line":18,"column":null}},"2":{"start":{"line":8,"column":8},"end":{"line":15,"column":null}},"3":{"start":{"line":4,"column":0},"end":{"line":4,"column":16}}},"fnMap":{"0":{"name":"stringify","decl":{"start":{"line":4,"column":16},"end":{"line":4,"column":25}},"loc":{"start":{"line":4,"column":44},"end":{"line":19,"column":1}}},"1":{"name":"(anonymous_1)","decl":{"start":{"line":7,"column":11},"end":{"line":7,"column":12}},"loc":{"start":{"line":7,"column":26},"end":{"line":16,"column":7}}}},"branchMap":{"0":{"loc":{"start":{"line":9,"column":23},"end":{"line":9,"column":27}},"type":"cond-expr","locations":[{"start":{"line":9,"column":23},"end":{"line":9,"column":27}},{"start":{"line":9,"column":30},"end":{"line":9,"column":32}}]}},"s":{"0":1,"1":4,"2":4220,"3":1},"f":{"0":4,"1":4220},"b":{"0":[4216,4]}}
,"/home/guilherme/projects/subtitle.js/src/stringifyVtt.ts": {"path":"/home/guilherme/projects/subtitle.js/src/stringifyVtt.ts","statementMap":{"0":{"start":{"line":1,"column":0},"end":{"line":1,"column":39}},"1":{"start":{"line":5,"column":2},"end":{"line":22,"column":null}},"2":{"start":{"line":9,"column":8},"end":{"line":18,"column":null}},"3":{"start":{"line":4,"column":0},"end":{"line":4,"column":16}}},"fnMap":{"0":{"name":"stringifyVtt","decl":{"start":{"line":4,"column":16},"end":{"line":4,"column":28}},"loc":{"start":{"line":4,"column":47},"end":{"line":23,"column":1}}},"1":{"name":"(anonymous_1)","decl":{"start":{"line":8,"column":11},"end":{"line":8,"column":12}},"loc":{"start":{"line":8,"column":26},"end":{"line":19,"column":7}}}},"branchMap":{"0":{"loc":{"start":{"line":10,"column":23},"end":{"line":10,"column":27}},"type":"cond-expr","locations":[{"start":{"line":10,"column":23},"end":{"line":10,"column":27}},{"start":{"line":10,"column":30},"end":{"line":10,"column":32}}]},"1":{"loc":{"start":{"line":14,"column":33},"end":{"line":14,"column":55}},"type":"cond-expr","locations":[{"start":{"line":14,"column":33},"end":{"line":14,"column":55}},{"start":{"line":14,"column":58},"end":{"line":14,"column":60}}]}},"s":{"0":1,"1":4,"2":4220,"3":1},"f":{"0":4,"1":4220},"b":{"0":[4216,4],"1":[1,4219]}}
,"/home/guilherme/projects/subtitle.js/src/toMS.ts": {"path":"/home/guilherme/projects/subtitle.js/src/toMS.ts","statementMap":{"0":{"start":{"line":2,"column":16},"end":{"line":2,"column":77}},"1":{"start":{"line":4,"column":2},"end":{"line":6,"column":null}},"2":{"start":{"line":5,"column":4},"end":{"line":5,"column":null}},"3":{"start":{"line":8,"column":16},"end":{"line":8,"column":63}},"4":{"start":{"line":9,"column":18},"end":{"line":9,"column":48}},"5":{"start":{"line":10,"column":18},"end":{"line":10,"column":47}},"6":{"start":{"line":11,"column":23},"end":{"line":11,"column":45}},"7":{"start":{"line":13,"column":2},"end":{"line":13,"column":null}},"8":{"start":{"line":1,"column":0},"end":{"line":1,"column":16}}},"fnMap":{"0":{"name":"toMS","decl":{"start":{"line":1,"column":16},"end":{"line":1,"column":20}},"loc":{"start":{"line":1,"column":38},"end":{"line":14,"column":1}}}},"branchMap":{"0":{"loc":{"start":{"line":4,"column":2},"end":{"line":6,"column":null}},"type":"if","locations":[{"start":{"line":4,"column":2},"end":{"line":6,"column":null}},{"start":{"line":4,"column":2},"end":{"line":6,"column":null}}]},"1":{"loc":{"start":{"line":8,"column":27},"end":{"line":8,"column":59}},"type":"cond-expr","locations":[{"start":{"line":8,"column":27},"end":{"line":8,"column":59}},{"start":{"line":8,"column":62},"end":{"line":8,"column":63}}]}},"s":{"0":16930,"1":16930,"2":1,"3":16929,"4":16929,"5":16929,"6":16929,"7":16929,"8":3},"f":{"0":16930},"b":{"0":[1,16929],"1":[16914,15]}}
,"/home/guilherme/projects/subtitle.js/src/toSrtTime.ts": {"path":"/home/guilherme/projects/subtitle.js/src/toSrtTime.ts","statementMap":{"0":{"start":{"line":1,"column":0},"end":{"line":1,"column":35}},"1":{"start":{"line":4,"column":15},"end":{"line":4,"column":52}},"2":{"start":{"line":6,"column":16},"end":{"line":6,"column":31}},"3":{"start":{"line":7,"column":18},"end":{"line":7,"column":35}},"4":{"start":{"line":8,"column":18},"end":{"line":8,"column":35}},"5":{"start":{"line":9,"column":13},"end":{"line":9,"column":77}},"6":{"start":{"line":11,"column":2},"end":{"line":14,"column":null}},"7":{"start":{"line":3,"column":0},"end":{"line":3,"column":16}}},"fnMap":{"0":{"name":"toSrtTime","decl":{"start":{"line":3,"column":16},"end":{"line":3,"column":25}},"loc":{"start":{"line":3,"column":43},"end":{"line":15,"column":1}}}},"branchMap":{},"s":{"0":2,"1":8443,"2":8443,"3":8443,"4":8443,"5":8443,"6":8443,"7":2},"f":{"0":8443},"b":{}}
,"/home/guilherme/projects/subtitle.js/src/toVttTime.ts": {"path":"/home/guilherme/projects/subtitle.js/src/toVttTime.ts","statementMap":{"0":{"start":{"line":1,"column":0},"end":{"line":1,"column":35}},"1":{"start":{"line":4,"column":15},"end":{"line":4,"column":52}},"2":{"start":{"line":6,"column":16},"end":{"line":6,"column":31}},"3":{"start":{"line":7,"column":18},"end":{"line":7,"column":35}},"4":{"start":{"line":8,"column":18},"end":{"line":8,"column":35}},"5":{"start":{"line":9,"column":13},"end":{"line":9,"column":77}},"6":{"start":{"line":11,"column":2},"end":{"line":14,"column":null}},"7":{"start":{"line":3,"column":0},"end":{"line":3,"column":16}}},"fnMap":{"0":{"name":"toVttTime","decl":{"start":{"line":3,"column":16},"end":{"line":3,"column":25}},"loc":{"start":{"line":3,"column":43},"end":{"line":15,"column":1}}}},"branchMap":{},"s":{"0":2,"1":8443,"2":8443,"3":8443,"4":8443,"5":8443,"6":8443,"7":2},"f":{"0":8443},"b":{}}
}
