TN:
SF:/home/guilherme/projects/subtitle.js/src/index.ts
FNF:0
FNH:0
DA:1,0
DA:2,0
DA:3,0
DA:4,0
DA:5,0
DA:6,0
DA:7,0
DA:8,0
DA:9,0
LF:9
LH:0
BRF:0
BRH:0
end_of_record
TN:
SF:/home/guilherme/projects/subtitle.js/src/padLeft.ts
FN:1,(anonymous_0)
FNF:1
FNH:1
FNDA:67544,(anonymous_0)
DA:1,118202
DA:2,67544
LF:2
LH:2
BRDA:1,0,0,50658
BRDA:1,0,1,16886
BRF:2
BRH:2
end_of_record
TN:
SF:/home/guilherme/projects/subtitle.js/src/parse.ts
FN:10,(anonymous_0)
FN:19,(anonymous_1)
FN:20,(anonymous_2)
FN:22,parse
FN:30,(anonymous_4)
FNF:5
FNH:5
FNDA:12,(anonymous_0)
FNDA:28475,(anonymous_1)
FNDA:36939,(anonymous_2)
FNDA:12,parse
FNDA:36925,(anonymous_4)
DA:1,1
DA:10,1
DA:11,12
DA:19,28475
DA:20,36939
DA:22,1
DA:23,12
DA:24,12
DA:30,12
DA:31,36925
DA:32,8446
DA:33,0
DA:35,8446
DA:36,8446
DA:39,28479
DA:40,8448
DA:41,0
DA:45,8448
DA:49,8448
DA:50,8448
DA:53,20031
DA:54,20031
DA:55,2
DA:56,2
DA:57,2
DA:58,2
DA:61,20029
DA:63,20029
DA:65,20029
DA:66,8446
DA:67,8446
DA:68,8446
DA:70,11583
DA:77,12
LF:34
LH:32
BRDA:31,0,0,8446
BRDA:31,0,1,28479
BRDA:32,1,0,0
BRDA:32,1,1,8446
BRDA:39,2,0,8448
BRDA:39,2,1,20031
BRDA:40,3,0,0
BRDA:40,3,1,8448
BRDA:53,4,0,20031
BRDA:53,4,1,0
BRDA:54,5,0,2
BRDA:54,5,1,20029
BRDA:63,6,0,20029
BRDA:63,6,1,8460
BRDA:65,7,0,8446
BRDA:65,7,1,11583
BRDA:65,8,0,20029
BRDA:65,8,1,20017
BRDA:71,9,0,3135
BRDA:71,9,1,8448
BRF:20
BRH:17
end_of_record
TN:
SF:/home/guilherme/projects/subtitle.js/src/parseTimestamps.ts
FN:6,parseTimestamps
FNF:1
FNH:1
FNDA:8461,parseTimestamps
DA:1,2
DA:4,2
DA:6,2
DA:7,8461
DA:9,8461
DA:10,0
DA:13,8461
DA:18,8461
DA:19,7
DA:22,8461
LF:10
LH:9
BRDA:9,0,0,0
BRDA:9,0,1,8461
BRDA:18,1,0,7
BRDA:18,1,1,8454
BRF:4
BRH:3
end_of_record
TN:
SF:/home/guilherme/projects/subtitle.js/src/resync.ts
FN:3,resync
FN:4,(anonymous_1)
FNF:2
FNH:2
FNDA:3,resync
FNDA:9,(anonymous_1)
DA:3,1
DA:4,9
LF:2
LH:2
BRF:0
BRH:0
end_of_record
TN:
SF:/home/guilherme/projects/subtitle.js/src/stringify.ts
FN:4,stringify
FN:7,(anonymous_1)
FNF:2
FNH:2
FNDA:4,stringify
FNDA:4220,(anonymous_1)
DA:1,1
DA:4,1
DA:5,4
DA:8,4220
LF:4
LH:4
BRDA:9,0,0,4216
BRDA:9,0,1,4
BRF:2
BRH:2
end_of_record
TN:
SF:/home/guilherme/projects/subtitle.js/src/stringifyVtt.ts
FN:4,stringifyVtt
FN:8,(anonymous_1)
FNF:2
FNH:2
FNDA:4,stringifyVtt
FNDA:4220,(anonymous_1)
DA:1,1
DA:4,1
DA:5,4
DA:9,4220
LF:4
LH:4
BRDA:10,0,0,4216
BRDA:10,0,1,4
BRDA:14,1,0,1
BRDA:14,1,1,4219
BRF:4
BRH:4
end_of_record
TN:
SF:/home/guilherme/projects/subtitle.js/src/toMS.ts
FN:1,toMS
FNF:1
FNH:1
FNDA:16930,toMS
DA:1,3
DA:2,16930
DA:4,16930
DA:5,1
DA:8,16929
DA:9,16929
DA:10,16929
DA:11,16929
DA:13,16929
LF:9
LH:9
BRDA:4,0,0,1
BRDA:4,0,1,16929
BRDA:8,1,0,16914
BRDA:8,1,1,15
BRF:4
BRH:4
end_of_record
TN:
SF:/home/guilherme/projects/subtitle.js/src/toSrtTime.ts
FN:3,toSrtTime
FNF:1
FNH:1
FNDA:8443,toSrtTime
DA:1,2
DA:3,2
DA:4,8443
DA:6,8443
DA:7,8443
DA:8,8443
DA:9,8443
DA:11,8443
LF:8
LH:8
BRF:0
BRH:0
end_of_record
TN:
SF:/home/guilherme/projects/subtitle.js/src/toVttTime.ts
FN:3,toVttTime
FNF:1
FNH:1
FNDA:8443,toVttTime
DA:1,2
DA:3,2
DA:4,8443
DA:6,8443
DA:7,8443
DA:8,8443
DA:9,8443
DA:11,8443
LF:8
LH:8
BRF:0
BRH:0
end_of_record
